<?xml version="1.0" encoding="UTF-8"?>
<testng-results skipped="0" failed="0" total="1" passed="1">
  <reporter-output>
  </reporter-output>
  <suite name="Default suite" duration-ms="2220" started-at="2019-06-09T03:53:52Z" finished-at="2019-06-09T03:53:54Z">
    <groups>
    </groups>
    <test name="Default test" duration-ms="2220" started-at="2019-06-09T03:53:52Z" finished-at="2019-06-09T03:53:54Z">
      <class name="com.basic.Testinggoogle">
        <test-method status="PASS" signature="TestGoogle()[pri:0, instance:com.basic.Testinggoogle@36d64342]" name="TestGoogle" duration-ms="2194" started-at="2019-06-09T09:23:52Z" finished-at="2019-06-09T09:23:54Z">
          <reporter-output>
          </reporter-output>
        </test-method> <!-- TestGoogle -->
      </class> <!-- com.basic.Testinggoogle -->
    </test> <!-- Default test -->
  </suite> <!-- Default suite -->
</testng-results>
